2022-12-05 16:29:30,707 INFO o.a.j.u.JMeterUtils: Setting Locale to en_EN
2022-12-05 16:29:30,722 INFO o.a.j.JMeter: Loading user properties from: C:\tools\apache-jmeter-5.5\bin\user.properties
2022-12-05 16:29:30,722 INFO o.a.j.JMeter: Loading system properties from: C:\tools\apache-jmeter-5.5\bin\system.properties
2022-12-05 16:29:30,722 INFO o.a.j.JMeter: Copyright (c) 1998-2022 The Apache Software Foundation
2022-12-05 16:29:30,722 INFO o.a.j.JMeter: Version 5.5
2022-12-05 16:29:30,722 INFO o.a.j.JMeter: java.version=19.0.1
2022-12-05 16:29:30,722 INFO o.a.j.JMeter: java.vm.name=Java HotSpot(TM) 64-Bit Server VM
2022-12-05 16:29:30,722 INFO o.a.j.JMeter: os.name=Windows 10
2022-12-05 16:29:30,722 INFO o.a.j.JMeter: os.arch=amd64
2022-12-05 16:29:30,722 INFO o.a.j.JMeter: os.version=10.0
2022-12-05 16:29:30,722 INFO o.a.j.JMeter: file.encoding=UTF-8
2022-12-05 16:29:30,722 INFO o.a.j.JMeter: java.awt.headless=true
2022-12-05 16:29:30,722 INFO o.a.j.JMeter: Max memory     =1073741824
2022-12-05 16:29:30,722 INFO o.a.j.JMeter: Available Processors =8
2022-12-05 16:29:30,738 INFO o.a.j.JMeter: Default Locale=English (EN)
2022-12-05 16:29:30,738 INFO o.a.j.JMeter: JMeter  Locale=English (EN)
2022-12-05 16:29:30,740 INFO o.a.j.JMeter: JMeterHome=C:\tools\apache-jmeter-5.5
2022-12-05 16:29:30,740 INFO o.a.j.JMeter: user.dir  =C:\Projects\1_femework\automation-master
2022-12-05 16:29:30,740 INFO o.a.j.JMeter: PWD       =C:\Projects\1_femework\automation-master
2022-12-05 16:29:30,740 INFO o.a.j.JMeter: IP: 192.168.0.102 Name: KO-ORB-003 FullName: 192.168.0.102
2022-12-05 16:29:30,740 INFO o.a.j.JMeter: Setting property 'jmeter.reportgenerator.outputdir' to:'C:\Projects\1_femework\automation-master\output\html'
2022-12-05 16:29:30,740 INFO o.a.j.s.FileServer: Default base='C:\Projects\1_femework\automation-master'
2022-12-05 16:29:30,740 INFO o.a.j.s.FileServer: Set new base='C:\Projects\1_femework\automation-master\jmeter'
2022-12-05 16:29:30,907 INFO o.a.j.s.SaveService: Testplan (JMX) version: 2.2. Testlog (JTL) version: 2.2
2022-12-05 16:29:30,922 INFO o.a.j.s.SaveService: Using SaveService properties version 5.0
2022-12-05 16:29:30,940 INFO o.a.j.s.SaveService: Using SaveService properties file encoding UTF-8
2022-12-05 16:29:30,940 INFO o.a.j.s.SaveService: Loading file: jmeter\TC01_AddTimeEntries_Test.jmx
2022-12-05 16:29:30,956 INFO o.a.j.p.h.c.CookieManager: Settings: Delete null: true Check: true Allow variable: true Save: false Prefix: COOKIE_
2022-12-05 16:29:30,956 INFO o.a.j.p.h.c.CacheManager: Will only cache the following methods: [GET]
2022-12-05 16:29:30,971 INFO o.a.j.p.h.s.HTTPSamplerBase: Parser for text/html is org.apache.jmeter.protocol.http.parser.LagartoBasedHtmlParser
2022-12-05 16:29:30,971 INFO o.a.j.p.h.s.HTTPSamplerBase: Parser for application/xhtml+xml is org.apache.jmeter.protocol.http.parser.LagartoBasedHtmlParser
2022-12-05 16:29:30,971 INFO o.a.j.p.h.s.HTTPSamplerBase: Parser for application/xml is org.apache.jmeter.protocol.http.parser.LagartoBasedHtmlParser
2022-12-05 16:29:30,971 INFO o.a.j.p.h.s.HTTPSamplerBase: Parser for text/xml is org.apache.jmeter.protocol.http.parser.LagartoBasedHtmlParser
2022-12-05 16:29:30,971 INFO o.a.j.p.h.s.HTTPSamplerBase: Parser for text/vnd.wap.wml is org.apache.jmeter.protocol.http.parser.RegexpHTMLParser
2022-12-05 16:29:30,971 INFO o.a.j.p.h.s.HTTPSamplerBase: Parser for text/css is org.apache.jmeter.protocol.http.parser.CssParser
2022-12-05 16:29:31,071 INFO o.a.j.JMeter: Creating summariser <summary>
2022-12-05 16:29:31,071 INFO o.a.j.r.d.ReportGenerator: ReportGenerator will use for Parsing the separator: ','
2022-12-05 16:29:31,071 INFO o.a.j.r.d.ReportGenerator: Will generate report at end of test from  results file: log\test.jtl
2022-12-05 16:29:31,071 INFO o.a.j.r.d.ReportGenerator: Reading report generator properties from: C:\tools\apache-jmeter-5.5\bin\reportgenerator.properties
2022-12-05 16:29:31,071 INFO o.a.j.r.d.ReportGenerator: Merging with JMeter properties
2022-12-05 16:29:31,071 INFO o.a.j.r.c.ReportGeneratorConfiguration: Property 'jmeter.reportgenerator.temp_dir' not found, using default value 'temp' instead.
2022-12-05 16:29:31,071 INFO o.a.j.r.c.ReportGeneratorConfiguration: Property 'jmeter.reportgenerator.apdex_per_transaction' not found, using default value 'null' instead.
2022-12-05 16:29:31,071 INFO o.a.j.r.c.ReportGeneratorConfiguration: apdex_per_transaction is empty, not APDEX per transaction customization
2022-12-05 16:29:31,071 INFO o.a.j.r.c.ReportGeneratorConfiguration: Property 'jmeter.reportgenerator.sample_filter' not found, using default value 'null' instead.
2022-12-05 16:29:31,071 INFO o.a.j.r.c.ReportGeneratorConfiguration: Property 'jmeter.reportgenerator.report_title' not found, using default value 'null' instead.
2022-12-05 16:29:31,071 INFO o.a.j.r.c.ReportGeneratorConfiguration: Property 'jmeter.reportgenerator.start_date' not found, using default value 'null' instead.
2022-12-05 16:29:31,071 INFO o.a.j.r.c.ReportGeneratorConfiguration: Property 'jmeter.reportgenerator.end_date' not found, using default value 'null' instead.
2022-12-05 16:29:31,071 INFO o.a.j.r.c.ReportGeneratorConfiguration: Property 'jmeter.reportgenerator.date_format' not found, using default value 'null' instead.
2022-12-05 16:29:31,071 INFO o.a.j.r.c.ReportGeneratorConfiguration: Will use date range start date: null, end date: null
2022-12-05 16:29:31,087 INFO o.a.j.r.c.ReportGeneratorConfiguration: Property 'jmeter.reportgenerator.graph.totalTPS.exclude_controllers' not found, using default value 'false' instead.
2022-12-05 16:29:31,087 INFO o.a.j.r.c.ReportGeneratorConfiguration: Property 'jmeter.reportgenerator.graph.activeThreadsOverTime.exclude_controllers' not found, using default value 'false' instead.
2022-12-05 16:29:31,087 INFO o.a.j.r.c.ReportGeneratorConfiguration: Property 'jmeter.reportgenerator.graph.timeVsThreads.exclude_controllers' not found, using default value 'false' instead.
2022-12-05 16:29:31,087 INFO o.a.j.r.c.ReportGeneratorConfiguration: Property 'jmeter.reportgenerator.graph.responseTimeDistribution.exclude_controllers' not found, using default value 'false' instead.
2022-12-05 16:29:31,087 INFO o.a.j.r.c.ReportGeneratorConfiguration: Property 'jmeter.reportgenerator.graph.transactionsPerSecond.exclude_controllers' not found, using default value 'false' instead.
2022-12-05 16:29:31,087 INFO o.a.j.r.c.ReportGeneratorConfiguration: Property 'jmeter.reportgenerator.graph.responseTimePercentiles.exclude_controllers' not found, using default value 'false' instead.
2022-12-05 16:29:31,087 INFO o.a.j.r.c.ReportGeneratorConfiguration: Property 'jmeter.reportgenerator.graph.responseTimePercentilesOverTime.exclude_controllers' not found, using default value 'false' instead.
2022-12-05 16:29:31,087 INFO o.a.j.r.c.ReportGeneratorConfiguration: Property 'jmeter.reportgenerator.graph.responseTimesOverTime.exclude_controllers' not found, using default value 'false' instead.
2022-12-05 16:29:31,087 INFO o.a.j.r.c.ReportGeneratorConfiguration: Property 'jmeter.reportgenerator.graph.connectTimeOverTime.exclude_controllers' not found, using default value 'false' instead.
2022-12-05 16:29:31,087 INFO o.a.j.r.c.ReportGeneratorConfiguration: Property 'jmeter.reportgenerator.graph.latenciesOverTime.exclude_controllers' not found, using default value 'false' instead.
2022-12-05 16:29:31,087 INFO o.a.j.r.c.ReportGeneratorConfiguration: Property 'jmeter.reportgenerator.exporter.json.filters_only_sample_series' not found, using default value 'true' instead.
2022-12-05 16:29:31,087 INFO o.a.j.r.c.ReportGeneratorConfiguration: Property 'jmeter.reportgenerator.exporter.json.series_filter' not found, using default value '' instead.
2022-12-05 16:29:31,087 INFO o.a.j.r.c.ReportGeneratorConfiguration: Property 'jmeter.reportgenerator.exporter.json.show_controllers_only' not found, using default value 'false' instead.
2022-12-05 16:29:31,087 INFO o.a.j.r.c.ReportGeneratorConfiguration: Property 'jmeter.reportgenerator.exporter.html.filters_only_sample_series' not found, using default value 'true' instead.
2022-12-05 16:29:31,087 INFO o.a.j.r.c.ReportGeneratorConfiguration: Property 'jmeter.reportgenerator.exporter.html.series_filter' not found, using default value '' instead.
2022-12-05 16:29:31,087 INFO o.a.j.r.c.ReportGeneratorConfiguration: Property 'jmeter.reportgenerator.exporter.html.show_controllers_only' not found, using default value 'false' instead.
2022-12-05 16:29:31,103 INFO o.a.j.e.StandardJMeterEngine: Running the test!
2022-12-05 16:29:31,103 INFO o.a.j.s.SampleEvent: List of sample_variables: []
2022-12-05 16:29:31,103 INFO o.a.j.s.SampleEvent: List of sample_variables: []
2022-12-05 16:29:31,103 INFO o.a.j.e.u.CompoundVariable: Note: Function class names must contain the string: '.functions.'
2022-12-05 16:29:31,103 INFO o.a.j.e.u.CompoundVariable: Note: Function class names must not contain the string: '.gui.'
2022-12-05 16:29:31,188 INFO o.a.j.r.ResultCollector: Folder at C:\Projects\1_femework\automation-master\log was created
2022-12-05 16:29:31,203 INFO o.a.j.JMeter: Running test (1670237971203)
2022-12-05 16:29:31,219 INFO o.a.j.e.StandardJMeterEngine: Starting ThreadGroup: 1 : Add Time Entries
2022-12-05 16:29:31,219 INFO o.a.j.e.StandardJMeterEngine: Starting 1 threads for group Add Time Entries.
2022-12-05 16:29:31,219 INFO o.a.j.e.StandardJMeterEngine: Thread will continue on error
2022-12-05 16:29:31,219 INFO o.a.j.t.ThreadGroup: Starting thread group... number=1 threads=1 ramp-up=1 delayedStart=false
2022-12-05 16:29:31,219 INFO o.a.j.t.ThreadGroup: Started thread group number 1
2022-12-05 16:29:31,219 INFO o.a.j.e.StandardJMeterEngine: All thread groups have been started
2022-12-05 16:29:31,256 INFO o.a.j.s.SampleResult: Note: Sample TimeStamps are START times
2022-12-05 16:29:31,256 INFO o.a.j.s.SampleResult: sampleresult.default.encoding is set to ISO-8859-1
2022-12-05 16:29:31,256 INFO o.a.j.s.SampleResult: sampleresult.useNanoTime=true
2022-12-05 16:29:31,256 INFO o.a.j.s.SampleResult: sampleresult.nanoThreadSleep=5000
2022-12-05 16:29:31,256 INFO o.a.j.t.JMeterThread: Thread started: Add Time Entries 1-1
2022-12-05 16:29:31,256 INFO o.a.j.s.FileServer: Stored: resources/MultipleID.csv
2022-12-05 16:29:31,591 INFO o.a.j.p.h.s.HTTPHCAbstractImpl: Local host = KO-ORB-003
2022-12-05 16:29:31,608 INFO o.a.j.p.h.s.HTTPHC4Impl: HTTP request retry count = 0
2022-12-05 16:29:31,841 INFO o.a.j.p.h.s.h.LazyLayeredConnectionSocketFactory: Setting up HTTPS TrustAll Socket Factory
2022-12-05 16:29:31,841 INFO o.a.j.u.JsseSSLManager: Using default SSL protocol: TLS
2022-12-05 16:29:31,841 INFO o.a.j.u.JsseSSLManager: SSL session context: per-thread
2022-12-05 16:29:32,258 INFO o.a.j.u.SSLManager: JmeterKeyStore Location:  type JKS
2022-12-05 16:29:32,258 INFO o.a.j.u.SSLManager: KeyStore created OK
2022-12-05 16:29:32,258 WARN o.a.j.u.SSLManager: Keystore file not found, loading empty keystore
2022-12-05 16:30:12,466 INFO o.a.j.p.h.p.BaseParser: Created org.apache.jmeter.protocol.http.parser.LagartoBasedHtmlParser
2022-12-05 16:30:13,238 INFO o.a.j.p.h.p.BaseParser: Created org.apache.jmeter.protocol.http.parser.CssParser
2022-12-05 16:30:16,905 WARN c.h.c.r.e.LoggingCSSParseErrorHandler: Browser compliant mode skipped CSS from [4:52] starting at token '

' until [16:1] to token '}' (based on com.helger.css.parser.ParseException: Encountered unexpected token: "." "."
    at line 6, column 1.

Was expecting one of:

    "+"
    <S>
)
2022-12-05 16:30:17,269 WARN c.h.c.r.e.LoggingCSSParseErrorHandler: Browser compliant mode skipped CSS from [7:3] starting at token '

' until [11:1] to token '}' (based on com.helger.css.parser.ParseException: Encountered unexpected token: "." "."
    at line 9, column 1.

Was expecting one of:

    "+"
    <S>
)
2022-12-05 16:30:30,597 WARN c.h.c.r.e.LoggingCSSParseErrorHandler: Browser compliant mode skipped CSS from [9:4] starting at token '
' until [12:1] to token '}' (based on com.helger.css.parser.ParseException: Encountered unexpected token: "." "."
    at line 10, column 1.

Was expecting one of:

    "+"
    <S>
)
2022-12-05 16:30:32,186 WARN c.h.c.r.e.LoggingCSSParseErrorHandler: [11:258088] Deprecated property name '*display'
2022-12-05 16:30:34,974 WARN c.h.c.r.e.LoggingCSSParseErrorHandler: Browser compliant mode skipped CSS from [490:9] starting at token ' ' until [490:42] to token ';' (based on com.helger.css.parser.ParseException: Encountered unexpected token: "fix" <IDENT>
    at line 490, column 10.

Was expecting one of:

    ":"
    <S>
)
2022-12-05 16:30:34,974 WARN c.h.c.r.e.LoggingCSSParseErrorHandler: Browser compliant mode skipped CSS from [1048:9] starting at token ' ' until [1048:46] to token ';' (based on com.helger.css.parser.ParseException: Encountered unexpected token: "white-space" <IDENT>
    at line 1048, column 10.

Was expecting one of:

    ":"
    <S>
)
2022-12-05 16:30:34,974 WARN c.h.c.r.e.LoggingCSSParseErrorHandler: Browser compliant mode skipped CSS from [1049:12] starting at token ' ' until [1049:45] to token ';' (based on com.helger.css.parser.ParseException: Encountered unexpected token: "white-space" <IDENT>
    at line 1049, column 13.

Was expecting one of:

    ":"
    <S>
)
2022-12-05 16:30:34,974 WARN c.h.c.r.e.LoggingCSSParseErrorHandler: Found illegal character: < (0x003c)
2022-12-05 16:30:34,974 WARN c.h.c.r.e.LoggingCSSParseErrorHandler: Browser compliant mode skipped CSS from [1050:10] starting at token ' ' until [1050:48] to token ';' (based on com.helger.css.parser.ParseException: Encountered unexpected token: "<" <UNKNOWN>
    at line 1050, column 11.

Was expecting one of:

    ":"
    <S>
)
2022-12-05 16:30:34,974 WARN c.h.c.r.e.LoggingCSSParseErrorHandler: Browser compliant mode skipped CSS from [1051:10] starting at token ' ' until [1052:1] to token '}' (based on com.helger.css.parser.ParseException: Encountered unexpected token: "7" <NUMBER>
    at line 1051, column 11.

Was expecting one of:

    ":"
    <S>
)
2022-12-05 16:30:34,974 WARN c.h.c.r.e.LoggingCSSParseErrorHandler: Browser compliant mode skipped CSS from [1432:9] starting at token ' ' until [1432:41] to token ';' (based on com.helger.css.parser.ParseException: Encountered unexpected token: "and" "and"
    at line 1432, column 10.

Was expecting one of:

    ":"
    <S>
)
2022-12-05 16:30:34,974 WARN c.h.c.r.e.LoggingCSSParseErrorHandler: Browser compliant mode skipped CSS from [1437:11] starting at token ' ' until [1437:31] to token ';' (based on com.helger.css.parser.ParseException: Encountered unexpected token: "background" <IDENT>
    at line 1437, column 12.

Was expecting one of:

    ":"
    <S>
)
2022-12-05 16:30:34,974 WARN c.h.c.r.e.LoggingCSSParseErrorHandler: Browser compliant mode skipped CSS from [1442:9] starting at token ' ' until [1443:1] to token '}' (based on com.helger.css.parser.ParseException: Encountered unexpected token: "settings" <IDENT>
    at line 1442, column 10.

Was expecting one of:

    ":"
    <S>
)
2022-12-05 16:30:34,974 WARN c.h.c.r.e.LoggingCSSParseErrorHandler: Found illegal character: & (0x0026)
2022-12-05 16:30:34,974 WARN c.h.c.r.e.LoggingCSSParseErrorHandler: Browser compliant mode skipped CSS from [1465:9] starting at token ' ' until [1465:39] to token ';' (based on com.helger.css.parser.ParseException: Encountered unexpected token: "&" <UNKNOWN>
    at line 1465, column 10.

Was expecting one of:

    ":"
    <S>
)
2022-12-05 16:30:34,974 WARN c.h.c.r.e.LoggingCSSParseErrorHandler: Browser compliant mode skipped CSS from [1469:11] starting at token ' ' until [1469:54] to token ';' (based on com.helger.css.parser.ParseException: Encountered unexpected token: "background" <IDENT>
    at line 1469, column 12.

Was expecting one of:

    ":"
    <S>
)
2022-12-05 16:30:34,974 WARN c.h.c.r.e.LoggingCSSParseErrorHandler: Browser compliant mode skipped CSS from [1482:11] starting at token ' ' until [1482:22] to token ';' (based on com.helger.css.parser.ParseException: Encountered unexpected token: "opacity" <IDENT>
    at line 1482, column 12.

Was expecting one of:

    ":"
    <S>
)
2022-12-05 16:30:34,974 WARN c.h.c.r.e.LoggingCSSParseErrorHandler: Browser compliant mode skipped CSS from [1549:7] starting at token ' ' until [1550:1] to token '}' (based on com.helger.css.parser.ParseException: Encountered unexpected token: "opacity" <IDENT>
    at line 1549, column 8.

Was expecting one of:

    ":"
    <S>
)
2022-12-05 16:30:34,990 WARN c.h.c.r.e.LoggingCSSParseErrorHandler: Browser compliant mode skipped CSS from [2064:6] starting at token ' ' until [2066:1] to token '}' (based on com.helger.css.parser.ParseException: Encountered unexpected token: "and" "and"
    at line 2064, column 7.

Was expecting one of:

    ","
    "{"
    <S>
)
2022-12-05 16:30:34,990 WARN c.h.c.r.e.LoggingCSSParseErrorHandler: Browser compliant mode skipped CSS from [2133:2] starting at token '

' until [2142:1] to token '}' (based on com.helger.css.parser.ParseException: Encountered unexpected token: "-" "-"
    at line 2135, column 1.

Was expecting one of:

    "*"
    "-->"
    "."
    ":"
    ":not("
    ";"
    "<!--"
    "@bottom-center"
    "@bottom-left"
    "@bottom-left-corner"
    "@bottom-right"
    "@bottom-right-corner"
    "@charset"
    "@footnote"
    "@import"
    "@left-bottom"
    "@left-middle"
    "@left-top"
    "@media"
    "@namespace"
    "@page"
    "@right-bottom"
    "@right-middle"
    "@right-top"
    "@supports"
    "@top-center"
    "@top-left"
    "@top-left-corner"
    "@top-right"
    "@top-right-corner"
    "["
    "|"
    "}"
    <AT_UNKNOWN>
    <EOF>
    <FONTFACE_SYM>
    <HASH>
    <IDENT>
    <KEYFRAMES_SYM>
    <PERCENTAGE>
    <S>
    <UNKNOWN>
    <VIEWPORT_SYM>
)
2022-12-05 16:30:34,990 WARN c.h.c.r.e.LoggingCSSParseErrorHandler: Browser compliant mode skipped CSS from [2683:1] starting at token '*' until [2685:1] to token '}' (based on com.helger.css.parser.ParseException: Encountered unexpected token: "*" "*"
    at line 2683, column 2.

Was expecting one of:

    ","
    "."
    ":"
    ":not("
    "["
    "{"
    <HASH>
    <S>
)
2022-12-05 16:30:34,990 WARN c.h.c.r.e.LoggingCSSParseErrorHandler: Browser compliant mode skipped CSS from [2695:1] starting at token '*' until [2701:1] to token '}' (based on com.helger.css.parser.ParseException: Encountered unexpected token: "*" "*"
    at line 2695, column 2.

Was expecting one of:

    ","
    "."
    ":"
    ":not("
    "["
    "{"
    <HASH>
    <S>
)
2022-12-05 16:30:35,005 WARN c.h.c.r.e.LoggingCSSParseErrorHandler: Browser compliant mode skipped CSS from [3580:2] starting at token '

' until [3588:1] to token '}' (based on com.helger.css.parser.ParseException: Encountered unexpected token: "-" "-"
    at line 3582, column 1.

Was expecting one of:

    "*"
    "-->"
    "."
    ":"
    ":not("
    ";"
    "<!--"
    "@bottom-center"
    "@bottom-left"
    "@bottom-left-corner"
    "@bottom-right"
    "@bottom-right-corner"
    "@charset"
    "@footnote"
    "@import"
    "@left-bottom"
    "@left-middle"
    "@left-top"
    "@media"
    "@namespace"
    "@page"
    "@right-bottom"
    "@right-middle"
    "@right-top"
    "@supports"
    "@top-center"
    "@top-left"
    "@top-left-corner"
    "@top-right"
    "@top-right-corner"
    "["
    "|"
    "}"
    <AT_UNKNOWN>
    <EOF>
    <FONTFACE_SYM>
    <HASH>
    <IDENT>
    <KEYFRAMES_SYM>
    <PERCENTAGE>
    <S>
    <UNKNOWN>
    <VIEWPORT_SYM>
)
2022-12-05 16:30:35,005 WARN c.h.c.r.e.LoggingCSSParseErrorHandler: Browser compliant mode skipped CSS from [3609:2] starting at token '

' until [3613:1] to token '}' (based on com.helger.css.parser.ParseException: Encountered unexpected token: "-" "-"
    at line 3611, column 1.

Was expecting one of:

    "*"
    "-->"
    "."
    ":"
    ":not("
    ";"
    "<!--"
    "@bottom-center"
    "@bottom-left"
    "@bottom-left-corner"
    "@bottom-right"
    "@bottom-right-corner"
    "@charset"
    "@footnote"
    "@import"
    "@left-bottom"
    "@left-middle"
    "@left-top"
    "@media"
    "@namespace"
    "@page"
    "@right-bottom"
    "@right-middle"
    "@right-top"
    "@supports"
    "@top-center"
    "@top-left"
    "@top-left-corner"
    "@top-right"
    "@top-right-corner"
    "["
    "|"
    "}"
    <AT_UNKNOWN>
    <EOF>
    <FONTFACE_SYM>
    <HASH>
    <IDENT>
    <KEYFRAMES_SYM>
    <PERCENTAGE>
    <S>
    <UNKNOWN>
    <VIEWPORT_SYM>
)
2022-12-05 16:30:35,005 WARN c.h.c.r.e.LoggingCSSParseErrorHandler: Browser compliant mode skipped CSS from [3613:2] starting at token '

' until [3617:1] to token '}' (based on com.helger.css.parser.ParseException: Encountered unexpected token: "-" "-"
    at line 3615, column 1.

Was expecting one of:

    "*"
    "-->"
    "."
    ":"
    ":not("
    "<!--"
    "@bottom-center"
    "@bottom-left"
    "@bottom-left-corner"
    "@bottom-right"
    "@bottom-right-corner"
    "@charset"
    "@footnote"
    "@import"
    "@left-bottom"
    "@left-middle"
    "@left-top"
    "@media"
    "@namespace"
    "@page"
    "@right-bottom"
    "@right-middle"
    "@right-top"
    "@supports"
    "@top-center"
    "@top-left"
    "@top-left-corner"
    "@top-right"
    "@top-right-corner"
    "["
    "|"
    <AT_UNKNOWN>
    <EOF>
    <FONTFACE_SYM>
    <HASH>
    <IDENT>
    <KEYFRAMES_SYM>
    <PERCENTAGE>
    <S>
    <VIEWPORT_SYM>
)
2022-12-05 16:30:35,005 WARN c.h.c.r.e.LoggingCSSParseErrorHandler: Found illegal character: & (0x0026)
2022-12-05 16:30:35,005 WARN c.h.c.r.e.LoggingCSSParseErrorHandler: Browser compliant mode skipped CSS from [3759:5] starting at token ' ' until [3764:1] to token '}' (based on com.helger.css.parser.ParseException: Encountered unexpected token: "to" "to"
    at line 3759, column 6.

Was expecting one of:

    ","
    "{"
    <S>
)
2022-12-05 16:30:35,291 WARN c.h.c.r.e.LoggingCSSParseErrorHandler: [4:11] Deprecated property name '*width'
2022-12-05 16:30:35,291 WARN c.h.c.r.e.LoggingCSSParseErrorHandler: [24:11] Deprecated property name '*width'
2022-12-05 16:30:35,291 WARN c.h.c.r.e.LoggingCSSParseErrorHandler: [46:17] Deprecated property name '*width'
2022-12-05 16:31:17,663 INFO o.a.j.t.JMeterThread: Thread is done: Add Time Entries 1-1
2022-12-05 16:31:17,663 INFO o.a.j.t.JMeterThread: Thread finished: Add Time Entries 1-1
2022-12-05 16:31:17,671 INFO o.a.j.e.StandardJMeterEngine: Notifying test listeners of end of test
2022-12-05 16:31:17,671 INFO o.a.j.s.FileServer: Close: resources/MultipleID.csv
2022-12-05 16:31:17,681 INFO o.a.j.r.Summariser: summary =      0 in 00:00:00 = ******/s Avg:     0 Min: 9223372036854775807 Max: -9223372036854775808 Err:     0 (0.00%)
2022-12-05 16:31:17,681 INFO o.a.j.JMeter: Generating Dashboard
2022-12-05 16:31:17,681 INFO o.a.j.r.d.ReportGenerator: Flushing result collector before report Generation
2022-12-05 16:31:17,681 INFO o.a.j.r.p.NormalizerSampleConsumer: Using format, 'ms', to parse timeStamp field
2022-12-05 16:31:17,776 INFO o.a.j.r.p.AbstractSampleConsumer: class org.apache.jmeter.report.processor.AggregateConsumer#stopProducing(): beginDate produced 0 samples
2022-12-05 16:31:17,776 INFO o.a.j.r.p.AbstractSampleConsumer: class org.apache.jmeter.report.processor.AggregateConsumer#stopProducing(): endDate produced 0 samples
2022-12-05 16:31:17,776 INFO o.a.j.r.p.AbstractSampleConsumer: class org.apache.jmeter.report.processor.ApdexSummaryConsumer#stopProducing(): apdexSummary produced 0 samples
2022-12-05 16:31:17,776 INFO o.a.j.r.p.AbstractSampleConsumer: class org.apache.jmeter.report.processor.RequestsSummaryConsumer#stopProducing(): requestsSummary produced 0 samples
2022-12-05 16:31:17,781 INFO o.a.j.r.p.AbstractSampleConsumer: class org.apache.jmeter.report.processor.StatisticsSummaryConsumer#stopProducing(): statisticsSummary produced 0 samples
2022-12-05 16:31:17,781 INFO o.a.j.r.p.AbstractSampleConsumer: class org.apache.jmeter.report.processor.Top5ErrorsBySamplerConsumer#stopProducing(): top5ErrorsBySampler produced 0 samples
2022-12-05 16:31:17,781 INFO o.a.j.r.p.AbstractSampleConsumer: class org.apache.jmeter.report.processor.ErrorsSummaryConsumer#stopProducing(): errorsSummary produced 0 samples
2022-12-05 16:31:17,781 INFO o.a.j.r.p.AbstractSampleConsumer: class org.apache.jmeter.report.processor.graph.impl.HitsPerSecondGraphConsumer#stopProducing(): hitsPerSecond produced 0 samples
2022-12-05 16:31:17,797 INFO o.a.j.r.p.AbstractSampleConsumer: class org.apache.jmeter.report.processor.graph.impl.LatencyVSRequestGraphConsumer#stopProducing(): latencyVsRequest produced 0 samples
2022-12-05 16:31:17,797 INFO o.a.j.r.p.AbstractSampleConsumer: class org.apache.jmeter.report.processor.graph.impl.SyntheticResponseTimeDistributionGraphConsumer#stopProducing(): syntheticResponseTimeDistribution produced 0 samples
2022-12-05 16:31:17,797 INFO o.a.j.r.p.AbstractSampleConsumer: class org.apache.jmeter.report.processor.graph.impl.BytesThroughputGraphConsumer#stopProducing(): bytesThroughputOverTime produced 0 samples
2022-12-05 16:31:17,797 INFO o.a.j.r.p.AbstractSampleConsumer: class org.apache.jmeter.report.processor.graph.impl.CodesPerSecondGraphConsumer#stopProducing(): codesPerSecond produced 0 samples
2022-12-05 16:31:17,797 INFO o.a.j.r.p.AbstractSampleConsumer: class org.apache.jmeter.report.processor.graph.impl.ResponseTimeVSRequestGraphConsumer#stopProducing(): responseTimeVsRequest produced 0 samples
2022-12-05 16:31:17,797 INFO o.a.j.r.p.AbstractSampleConsumer: class org.apache.jmeter.report.processor.FilterConsumer#stopProducing(): startIntervalControlerFilter produced 812 samples
2022-12-05 16:31:17,797 INFO o.a.j.r.p.AbstractSampleConsumer: class org.apache.jmeter.report.processor.graph.impl.TotalTPSGraphConsumer#stopProducing(): totalTPS produced 0 samples
2022-12-05 16:31:17,797 INFO o.a.j.r.p.AbstractSampleConsumer: class org.apache.jmeter.report.processor.graph.impl.ActiveThreadsGraphConsumer#stopProducing(): activeThreadsOverTime produced 0 samples
2022-12-05 16:31:17,797 INFO o.a.j.r.p.AbstractSampleConsumer: class org.apache.jmeter.report.processor.graph.impl.TimeVSThreadGraphConsumer#stopProducing(): timeVsThreads produced 0 samples
2022-12-05 16:31:17,813 INFO o.a.j.r.p.AbstractSampleConsumer: class org.apache.jmeter.report.processor.graph.impl.ResponseTimeDistributionGraphConsumer#stopProducing(): responseTimeDistribution produced 0 samples
2022-12-05 16:31:17,813 INFO o.a.j.r.p.AbstractSampleConsumer: class org.apache.jmeter.report.processor.graph.impl.TransactionsPerSecondGraphConsumer#stopProducing(): transactionsPerSecond produced 0 samples
2022-12-05 16:31:17,813 INFO o.a.j.r.p.AbstractSampleConsumer: class org.apache.jmeter.report.processor.graph.impl.ResponseTimePercentilesGraphConsumer#stopProducing(): responseTimePercentiles produced 0 samples
2022-12-05 16:31:17,821 INFO o.a.j.r.p.AbstractSampleConsumer: class org.apache.jmeter.report.processor.graph.impl.ResponseTimePercentilesOverTimeGraphConsumer#stopProducing(): responseTimePercentilesOverTime produced 0 samples
2022-12-05 16:31:17,821 INFO o.a.j.r.p.AbstractSampleConsumer: class org.apache.jmeter.report.processor.graph.impl.ResponseTimeOverTimeGraphConsumer#stopProducing(): responseTimesOverTime produced 0 samples
2022-12-05 16:31:17,821 INFO o.a.j.r.p.AbstractSampleConsumer: class org.apache.jmeter.report.processor.graph.impl.ConnectTimeOverTimeGraphConsumer#stopProducing(): connectTimeOverTime produced 0 samples
2022-12-05 16:31:17,821 INFO o.a.j.r.p.AbstractSampleConsumer: class org.apache.jmeter.report.processor.graph.impl.LatencyOverTimeGraphConsumer#stopProducing(): latenciesOverTime produced 0 samples
2022-12-05 16:31:17,821 INFO o.a.j.r.p.AbstractSampleConsumer: class org.apache.jmeter.report.processor.FilterConsumer#stopProducing(): nameFilter produced 1830 samples
2022-12-05 16:31:17,821 INFO o.a.j.r.p.AbstractSampleConsumer: class org.apache.jmeter.report.processor.FilterConsumer#stopProducing(): dateRangeFilter produced 366 samples
2022-12-05 16:31:17,821 INFO o.a.j.r.p.AbstractSampleConsumer: class org.apache.jmeter.report.processor.NormalizerSampleConsumer#stopProducing(): normalizer produced 122 samples
2022-12-05 16:31:17,821 INFO o.a.j.r.p.CsvFileSampleSource: produce(): 122 samples produced in 108ms on channel 0
2022-12-05 16:31:17,821 INFO o.a.j.r.d.ReportGenerator: Exporting data using exporter:'json' of className:'org.apache.jmeter.report.dashboard.JsonExporter'
2022-12-05 16:31:17,912 INFO o.a.j.r.d.JsonExporter: Found data for consumer statisticsSummary in context
2022-12-05 16:31:17,912 INFO o.a.j.r.d.JsonExporter: Creating statistics for overall
2022-12-05 16:31:17,912 INFO o.a.j.r.d.JsonExporter: Creating statistics for other transactions
2022-12-05 16:31:17,912 INFO o.a.j.r.d.JsonExporter: Checking output folder
2022-12-05 16:31:17,912 INFO o.a.j.r.d.JsonExporter: Writing statistics JSON to C:\Projects\1_femework\automation-master\output\html\statistics.json
2022-12-05 16:31:17,960 INFO o.a.j.r.d.ReportGenerator: Exporting data using exporter:'html' of className:'org.apache.jmeter.report.dashboard.HtmlTemplateExporter'
2022-12-05 16:31:17,960 INFO o.a.j.r.d.HtmlTemplateExporter: Will generate dashboard in folder: C:\Projects\1_femework\automation-master\output\html
2022-12-05 16:31:18,160 INFO o.a.j.r.d.HtmlTemplateExporter: Report will be generated in: C:\Projects\1_femework\automation-master\output\html, creating folder structure
2022-12-05 16:31:18,160 INFO o.a.j.r.d.TemplateVisitor: Copying folder from 'C:\tools\apache-jmeter-5.5\bin\report-template' to 'C:\Projects\1_femework\automation-master\output\html', got message: C:\Projects\1_femework\automation-master\output\html, found non empty folder with following content [C:\Projects\1_femework\automation-master\output\html\statistics.json], will be ignored
2022-12-05 16:31:18,646 INFO o.a.j.JMeter: Dashboard generated
